[+] Containers:
 |- [+] Container: /Game/ThirdPerson/Maps/ThirdPersonMap
 |   |- [+] ActorDescs:
 |   |   |- Guid:07720E5D4273D05D5F3B6AB87FBB2FD7 BaseClass: NativeClass:/Script/Engine.StaticMeshActor Name:StaticMeshActor_UAID_A8A15948D8BCECA201_1987484792 Label:Cube8 SpatiallyLoaded:1 Bounds:IsValid=true, Min=(X=5680.000 Y=2920.000 Z=0.063), Max=(X=7680.000 Y=3020.000 Z=200.063) RuntimeGrid:None EditorOnly:0 RuntimeOnly:0 HLODRelevant:1
 |   |   |- Guid:0F75CF2745E7A1EC354517B07EE7CCD1 BaseClass: NativeClass:/Script/Engine.StaticMeshActor Name:StaticMeshActor_UAID_A8A15948D8BCECA201_1736668787 Label:Cube16 SpatiallyLoaded:1 Bounds:IsValid=true, Min=(X=2.500 Y=25.000 Z=0.063), Max=(X=77.500 Y=9975.000 Z=300.063) RuntimeGrid:None EditorOnly:0 RuntimeOnly:0 HLODRelevant:1
 |   |   |- Guid:16AD0E704FCD4096D16017899809531E BaseClass: NativeClass:/Script/NavigationSystem.RecastNavMesh Name:RecastNavMesh_UAID_A8A15948D8BCEDA201-Default Label:RecastNavMesh-Default SpatiallyLoaded:0 Bounds:IsValid=true, Min=(X=0.000 Y=0.000 Z=0.000), Max=(X=0.000 Y=0.000 Z=0.000) RuntimeGrid:None EditorOnly:0 RuntimeOnly:0 HLODRelevant:0
 |   |   |- Guid:18BD4D6E49415D2E318626813461E980 BaseClass: NativeClass:/Script/Engine.StaticMeshActor Name:StaticMeshActor_UAID_A8A15948D8BCECA201_1781368788 Label:Cube17 SpatiallyLoaded:1 Bounds:IsValid=true, Min=(X=9942.500 Y=25.000 Z=0.063), Max=(X=10017.500 Y=9975.000 Z=300.063) RuntimeGrid:None EditorOnly:0 RuntimeOnly:0 HLODRelevant:1
 |   |   |- Guid:2DA6400B4AD35E16249EC484D69E66E9 BaseClass: NativeClass:/Script/Engine.StaticMeshActor Name:StaticMeshActor_UAID_A8A15948D8BCECA201_1379413780 Label:Cube10 SpatiallyLoaded:1 Bounds:IsValid=true, Min=(X=10.000 Y=9912.500 Z=0.063), Max=(X=10010.000 Y=9987.500 Z=300.063) RuntimeGrid:None EditorOnly:0 RuntimeOnly:0 HLODRelevant:1
 |   |   |- Guid:2FB58999456391D349DC0F86DAC136ED BaseClass: NativeClass:/Script/Engine.SkyLight Name:SkyLight_1 Label:SkyLight SpatiallyLoaded:0 Bounds:IsValid=true, Min=(X=0.000 Y=0.000 Z=690.000), Max=(X=0.000 Y=0.000 Z=690.000) RuntimeGrid:None EditorOnly:0 RuntimeOnly:0 HLODRelevant:0 FolderPath:Lighting FolderGuid:963EC3EB4002CCE9759E2EBA541A873A
 |   |   |- Guid:316CF2A6494ACA4C0E4180A87D36AB8F BaseClass: NativeClass:/Script/Engine.ExponentialHeightFog Name:ExponentialHeightFog_0 Label:ExponentialHeightFog SpatiallyLoaded:0 Bounds:IsValid=true, Min=(X=-5600.000 Y=-50.000 Z=-6850.000), Max=(X=-5600.000 Y=-50.000 Z=-6850.000) RuntimeGrid:None EditorOnly:0 RuntimeOnly:0 HLODRelevant:0 FolderPath:Lighting FolderGuid:963EC3EB4002CCE9759E2EBA541A873A
 |   |   |- Guid:3A00AA1C422CE54C0BDB60BAF471BFBB BaseClass: NativeClass:/Script/Engine.PlayerStart Name:PlayerStart_0 Label:PlayerStart SpatiallyLoaded:0 Bounds:IsValid=true, Min=(X=860.000 Y=1070.000 Z=0.013), Max=(X=940.000 Y=1150.000 Z=184.013) RuntimeGrid:None EditorOnly:0 RuntimeOnly:0 HLODRelevant:0
 |   |   |- Guid:3A363E73431F9DF3A651ACB19CE9296D BaseClass: NativeClass:/Script/Engine.StaticMeshActor Name:StaticMeshActor_UAID_A8A15948D8BCECA201_2006056793 Label:Cube9 SpatiallyLoaded:1 Bounds:IsValid=true, Min=(X=7550.000 Y=3650.000 Z=0.063), Max=(X=7650.000 Y=6650.000 Z=200.063) RuntimeGrid:None EditorOnly:0 RuntimeOnly:0 HLODRelevant:1
 |   |   |- Guid:403D110341DCB8CB53AD5F95F18A214D BaseClass: NativeClass:/Script/Engine.StaticMeshActor Name:StaticMeshActor_UAID_A8A15948D8BCECA201_1966353789 Label:Cube2 SpatiallyLoaded:1 Bounds:IsValid=true, Min=(X=1450.000 Y=8250.000 Z=0.063), Max=(X=2150.000 Y=8950.000 Z=200.063) RuntimeGrid:None EditorOnly:0 RuntimeOnly:0 HLODRelevant:1
 |   |   |- Guid:41C065CD4C2D314CC434BCA695F16738 BaseClass: NativeClass:/Script/Engine.StaticMeshActor Name:StaticMeshActor_UAID_A8A15948D8BCEBA201_1957206593 Label:Cube SpatiallyLoaded:1 Bounds:IsValid=true, Min=(X=1450.000 Y=710.000 Z=0.063), Max=(X=2150.000 Y=1410.000 Z=200.063) RuntimeGrid:None EditorOnly:0 RuntimeOnly:0 HLODRelevant:1
 |   |   |- Guid:4D3BE93F4146AAAC8BBE79999D96D57F BaseClass: NativeClass:/Script/Engine.VolumetricCloud Name:VolumetricCloud_0 Label:VolumetricCloud SpatiallyLoaded:0 Bounds:IsValid=true, Min=(X=0.000 Y=0.000 Z=820.000), Max=(X=0.000 Y=0.000 Z=820.000) RuntimeGrid:None EditorOnly:0 RuntimeOnly:0 HLODRelevant:0 FolderPath:Lighting FolderGuid:963EC3EB4002CCE9759E2EBA541A873A
 |   |   |- Guid:53B16A0C40C3D44D7C2FA18955CE8ED3 BaseClass: NativeClass:/Script/Engine.StaticMeshActor Name:StaticMeshActor_UAID_A8A15948D8BCECA201_1246327776 Label:Cube7 SpatiallyLoaded:1 Bounds:IsValid=true, Min=(X=2230.000 Y=3650.000 Z=0.063), Max=(X=2330.000 Y=6650.000 Z=200.063) RuntimeGrid:None EditorOnly:0 RuntimeOnly:0 HLODRelevant:1
 |   |   |- Guid:556502D145C5801D4BAF93B13B08F891 BaseClass: NativeClass:/Script/Engine.StaticMeshActor Name:StaticMeshActor_UAID_A8A15948D8BCECA201_1732186786 Label:Cube15 SpatiallyLoaded:1 Bounds:IsValid=true, Min=(X=22.500 Y=22.500 Z=0.063), Max=(X=9997.500 Y=97.500 Z=300.063) RuntimeGrid:None EditorOnly:0 RuntimeOnly:0 HLODRelevant:1
 |   |   |- Guid:63F7255D4CE72C23D7EEE4882C28116E BaseClass: NativeClass:/Script/Engine.StaticMeshActor Name:StaticMeshActor_UAID_A8A15948D8BCECA201_1107862772 Label:Cube3 SpatiallyLoaded:1 Bounds:IsValid=true, Min=(X=8440.000 Y=710.000 Z=0.063), Max=(X=9140.000 Y=1410.000 Z=200.063) RuntimeGrid:None EditorOnly:0 RuntimeOnly:0 HLODRelevant:1
 |   |   |- Guid:6940DD4B4F55ED2715E25E868E72EC70 BaseClass: NativeClass:/Script/NavigationSystem.NavMeshBoundsVolume Name:NavMeshBoundsVolume_UAID_A8A15948D8BCEDA201_1741933977 Label:NavMeshBoundsVolume SpatiallyLoaded:0 Bounds:IsValid=true, Min=(X=40.000 Y=10.000 Z=-39.937), Max=(X=9940.000 Y=9910.000 Z=160.063) RuntimeGrid:None EditorOnly:0 RuntimeOnly:0 HLODRelevant:0
 |   |   |- Guid:6BAF4DDD444C60371492D3919DB42C97 BaseClass: NativeClass:/Script/Engine.WorldDataLayers Name:WorldDataLayers Label:WorldDataLayers SpatiallyLoaded:0 Bounds:IsValid=true, Min=(X=0.000 Y=0.000 Z=0.000), Max=(X=0.000 Y=0.000 Z=0.000) RuntimeGrid:None EditorOnly:0 RuntimeOnly:0 HLODRelevant:0
 |   |   |- Guid:8A53134240A22760B6206A8F4B165097 BaseClass: NativeClass:/Script/Engine.StaticMeshActor Name:StaticMeshActor_UAID_A8A15948D8BCECA201_2042473797 Label:Cube14 SpatiallyLoaded:1 Bounds:IsValid=true, Min=(X=4650.000 Y=7710.000 Z=0.063), Max=(X=5350.000 Y=8410.000 Z=200.063) RuntimeGrid:None EditorOnly:0 RuntimeOnly:0 HLODRelevant:1
 |   |   |- Guid:A7F7AA244E4204D3B0DB11A71407748A BaseClass: NativeClass:/Script/Engine.StaticMeshActor Name:StaticMeshActor_UAID_A8A15948D8BCECA201_1331011778 Label:Cube4 SpatiallyLoaded:1 Bounds:IsValid=true, Min=(X=4290.000 Y=4310.000 Z=0.063), Max=(X=5690.000 Y=5710.000 Z=200.063) RuntimeGrid:None EditorOnly:0 RuntimeOnly:0 HLODRelevant:1
 |   |   |- Guid:B70AC2D94283BB58DDF81A9C6EEA4996 BaseClass:/Game/AI/BP_TriggerAiOnOff.BP_TriggerAiOnOff_C NativeClass:/Script/Engine.Actor Name:BP_TriggerAiOnOff_C_UAID_A8A15948D8BC4BA301_1225673489 Label:BP_TriggerAiOnOff SpatiallyLoaded:1 Bounds:IsValid=true, Min=(X=5022.000 Y=1122.000 Z=-87.937), Max=(X=5358.000 Y=1458.000 Z=248.063) RuntimeGrid:None EditorOnly:0 RuntimeOnly:0 HLODRelevant:0
 |   |   |- Guid:B785ED2844B84CFB91E7F39FE661CD99 BaseClass: NativeClass:/Script/Engine.DirectionalLight Name:DirectionalLight_0 Label:DirectionalLight SpatiallyLoaded:0 Bounds:IsValid=true, Min=(X=-1048576.000 Y=-1048576.000 Z=-1048576.000), Max=(X=1048576.000 Y=1048576.000 Z=1048576.000) RuntimeGrid:None EditorOnly:0 RuntimeOnly:0 HLODRelevant:0 FolderPath:Lighting FolderGuid:963EC3EB4002CCE9759E2EBA541A873A
 |   |   |- Guid:C2CB05F843642469F083AA8CCD5B86EA BaseClass: NativeClass:/Script/Engine.StaticMeshActor Name:StaticMeshActor_UAID_A8A15948D8BCECA201_1976010791 Label:Cube5 SpatiallyLoaded:1 Bounds:IsValid=true, Min=(X=8440.000 Y=8250.000 Z=0.063), Max=(X=9140.000 Y=8950.000 Z=200.063) RuntimeGrid:None EditorOnly:0 RuntimeOnly:0 HLODRelevant:1
 |   |   |- Guid:CB55BD5D4CCA389716099591AA6441DF BaseClass: NativeClass:/Script/Engine.StaticMeshActor Name:StaticMeshActor_UAID_A8A15948D8BCECA201_2036187796 Label:Cube13 SpatiallyLoaded:1 Bounds:IsValid=true, Min=(X=4650.000 Y=1800.000 Z=0.063), Max=(X=5350.000 Y=2500.000 Z=200.063) RuntimeGrid:None EditorOnly:0 RuntimeOnly:0 HLODRelevant:1
 |   |   |- Guid:CCFF262C46EEFFDF319E7F9539CE697E BaseClass: NativeClass:/Script/Engine.SkyAtmosphere Name:SkyAtmosphere_0 Label:SkyAtmosphere SpatiallyLoaded:0 Bounds:IsValid=true, Min=(X=0.000 Y=0.000 Z=1020.000), Max=(X=0.000 Y=0.000 Z=1020.000) RuntimeGrid:None EditorOnly:0 RuntimeOnly:0 HLODRelevant:0 FolderPath:Lighting FolderGuid:963EC3EB4002CCE9759E2EBA541A873A
 |   |   |- Guid:CE62958F4ABA49422540B08452D9E666 BaseClass: NativeClass:/Script/Engine.StaticMeshActor Name:StaticMeshActor_UAID_A8A15948D8BCECA201_2011312794 Label:Cube11 SpatiallyLoaded:1 Bounds:IsValid=true, Min=(X=2250.000 Y=7140.000 Z=0.063), Max=(X=4250.000 Y=7240.000 Z=200.063) RuntimeGrid:None EditorOnly:0 RuntimeOnly:0 HLODRelevant:1
 |   |   |- Guid:E78709644A2DF44850D65A9E4DDF490B BaseClass:/Game/AI/BP_Enemy.BP_Enemy_C NativeClass:/Script/Engine.Character Name:BP_Enemy_C_UAID_A8A15948D8BC3AA301_1582228495 Label:BP_Enemy2 SpatiallyLoaded:1 Bounds:IsValid=true, Min=(X=1173.555 Y=1773.555 Z=-0.966), Max=(X=1266.445 Y=1866.445 Z=177.514) RuntimeGrid:None EditorOnly:0 RuntimeOnly:0 HLODRelevant:0
 |   |   |- Guid:EB27C82B44C8A00D249612A61A528981 BaseClass: NativeClass:/Script/Engine.StaticMeshActor Name:StaticMeshActor_UAID_A8A15948D8BCECA201_1222163775 Label:Cube6 SpatiallyLoaded:1 Bounds:IsValid=true, Min=(X=2250.000 Y=2920.000 Z=0.063), Max=(X=4250.000 Y=3020.000 Z=200.063) RuntimeGrid:None EditorOnly:0 RuntimeOnly:0 HLODRelevant:1
 |   |   |- Guid:EC4E0C944CE6AC6E784BC6BB2916EA13 BaseClass: NativeClass:/Script/Engine.StaticMeshActor Name:StaticMeshActor_UAID_A4AE111137DC5EFB00_1110535423 Label:SM_SkySphere SpatiallyLoaded:0 Bounds:IsValid=true, Min=(X=-1638400.000 Y=-1638400.000 Z=-1638400.000), Max=(X=1638400.000 Y=1638400.000 Z=1638400.000) RuntimeGrid:None EditorOnly:0 RuntimeOnly:0 HLODRelevant:1 FolderPath:Lighting FolderGuid:963EC3EB4002CCE9759E2EBA541A873A
 |   |   |- Guid:F1924B8D48954B30891B2DB6A694F9CC BaseClass: NativeClass:/Script/Engine.StaticMeshActor Name:StaticMeshActor_1 Label:SM_Cube SpatiallyLoaded:1 Bounds:IsValid=true, Min=(X=0.000 Y=0.000 Z=-50.000), Max=(X=10000.000 Y=10000.000 Z=0.000) RuntimeGrid:None EditorOnly:0 RuntimeOnly:0 HLODRelevant:1 FolderPath:Playground FolderGuid:C73F09FC4215536B1DCE2A9E0A830C70
 |   |   |- Guid:F35B3C78440ED0B1D1D8C58F32317797 BaseClass:/Game/AI/BP_Enemy.BP_Enemy_C NativeClass:/Script/Engine.Character Name:BP_Npc_C_UAID_A8A15948D8BCEDA201_1410679974 Label:BP_Enemy SpatiallyLoaded:1 Bounds:IsValid=true, Min=(X=3906.000 Y=1936.000 Z=-0.966), Max=(X=3974.000 Y=2004.000 Z=177.514) RuntimeGrid:None EditorOnly:0 RuntimeOnly:0 HLODRelevant:0
 |   |   |- Guid:F5E3FEB3450C49844FD93DA8E083C8AD BaseClass: NativeClass:/Script/Engine.PostProcessVolume Name:PostProcessVolume_0 Label:PostProcessVolume SpatiallyLoaded:0 Bounds:IsValid=true, Min=(X=0.000 Y=0.000 Z=400.000), Max=(X=200.000 Y=200.000 Z=600.000) RuntimeGrid:None EditorOnly:0 RuntimeOnly:0 HLODRelevant:0 FolderPath:Lighting FolderGuid:963EC3EB4002CCE9759E2EBA541A873A
 |   |   |- Guid:FD0A22304EC686CEDD7E188365700551 BaseClass: NativeClass:/Script/Engine.StaticMeshActor Name:StaticMeshActor_UAID_A8A15948D8BCECA201_2011313795 Label:Cube12 SpatiallyLoaded:1 Bounds:IsValid=true, Min=(X=5680.000 Y=7140.000 Z=0.063), Max=(X=7680.000 Y=7240.000 Z=200.063) RuntimeGrid:None EditorOnly:0 RuntimeOnly:0 HLODRelevant:1
 |   |- [+] Clusters:
 |   |   |- [+] [  0]
 |   |   |   |- Guid:6BAF4DDD444C60371492D3919DB42C97 BaseClass: NativeClass:/Script/Engine.WorldDataLayers Name:WorldDataLayers Label:WorldDataLayers SpatiallyLoaded:0 Bounds:IsValid=true, Min=(X=0.000 Y=0.000 Z=0.000), Max=(X=0.000 Y=0.000 Z=0.000) RuntimeGrid:None EditorOnly:0 RuntimeOnly:0 HLODRelevant:0
 |   |   |- [+] [  1]
 |   |   |   |- Guid:63F7255D4CE72C23D7EEE4882C28116E BaseClass: NativeClass:/Script/Engine.StaticMeshActor Name:StaticMeshActor_UAID_A8A15948D8BCECA201_1107862772 Label:Cube3 SpatiallyLoaded:1 Bounds:IsValid=true, Min=(X=8440.000 Y=710.000 Z=0.063), Max=(X=9140.000 Y=1410.000 Z=200.063) RuntimeGrid:None EditorOnly:0 RuntimeOnly:0 HLODRelevant:1
 |   |   |- [+] [  2]
 |   |   |   |- Guid:F5E3FEB3450C49844FD93DA8E083C8AD BaseClass: NativeClass:/Script/Engine.PostProcessVolume Name:PostProcessVolume_0 Label:PostProcessVolume SpatiallyLoaded:0 Bounds:IsValid=true, Min=(X=0.000 Y=0.000 Z=400.000), Max=(X=200.000 Y=200.000 Z=600.000) RuntimeGrid:None EditorOnly:0 RuntimeOnly:0 HLODRelevant:0 FolderPath:Lighting FolderGuid:963EC3EB4002CCE9759E2EBA541A873A
 |   |   |- [+] [  3]
 |   |   |   |- Guid:403D110341DCB8CB53AD5F95F18A214D BaseClass: NativeClass:/Script/Engine.StaticMeshActor Name:StaticMeshActor_UAID_A8A15948D8BCECA201_1966353789 Label:Cube2 SpatiallyLoaded:1 Bounds:IsValid=true, Min=(X=1450.000 Y=8250.000 Z=0.063), Max=(X=2150.000 Y=8950.000 Z=200.063) RuntimeGrid:None EditorOnly:0 RuntimeOnly:0 HLODRelevant:1
 |   |   |- [+] [  4]
 |   |   |   |- Guid:6940DD4B4F55ED2715E25E868E72EC70 BaseClass: NativeClass:/Script/NavigationSystem.NavMeshBoundsVolume Name:NavMeshBoundsVolume_UAID_A8A15948D8BCEDA201_1741933977 Label:NavMeshBoundsVolume SpatiallyLoaded:0 Bounds:IsValid=true, Min=(X=40.000 Y=10.000 Z=-39.937), Max=(X=9940.000 Y=9910.000 Z=160.063) RuntimeGrid:None EditorOnly:0 RuntimeOnly:0 HLODRelevant:0
 |   |   |- [+] [  5]
 |   |   |   |- Guid:8A53134240A22760B6206A8F4B165097 BaseClass: NativeClass:/Script/Engine.StaticMeshActor Name:StaticMeshActor_UAID_A8A15948D8BCECA201_2042473797 Label:Cube14 SpatiallyLoaded:1 Bounds:IsValid=true, Min=(X=4650.000 Y=7710.000 Z=0.063), Max=(X=5350.000 Y=8410.000 Z=200.063) RuntimeGrid:None EditorOnly:0 RuntimeOnly:0 HLODRelevant:1
 |   |   |- [+] [  6]
 |   |   |   |- Guid:3A363E73431F9DF3A651ACB19CE9296D BaseClass: NativeClass:/Script/Engine.StaticMeshActor Name:StaticMeshActor_UAID_A8A15948D8BCECA201_2006056793 Label:Cube9 SpatiallyLoaded:1 Bounds:IsValid=true, Min=(X=7550.000 Y=3650.000 Z=0.063), Max=(X=7650.000 Y=6650.000 Z=200.063) RuntimeGrid:None EditorOnly:0 RuntimeOnly:0 HLODRelevant:1
 |   |   |- [+] [  7]
 |   |   |   |- Guid:4D3BE93F4146AAAC8BBE79999D96D57F BaseClass: NativeClass:/Script/Engine.VolumetricCloud Name:VolumetricCloud_0 Label:VolumetricCloud SpatiallyLoaded:0 Bounds:IsValid=true, Min=(X=0.000 Y=0.000 Z=820.000), Max=(X=0.000 Y=0.000 Z=820.000) RuntimeGrid:None EditorOnly:0 RuntimeOnly:0 HLODRelevant:0 FolderPath:Lighting FolderGuid:963EC3EB4002CCE9759E2EBA541A873A
 |   |   |- [+] [  8]
 |   |   |   |- Guid:CCFF262C46EEFFDF319E7F9539CE697E BaseClass: NativeClass:/Script/Engine.SkyAtmosphere Name:SkyAtmosphere_0 Label:SkyAtmosphere SpatiallyLoaded:0 Bounds:IsValid=true, Min=(X=0.000 Y=0.000 Z=1020.000), Max=(X=0.000 Y=0.000 Z=1020.000) RuntimeGrid:None EditorOnly:0 RuntimeOnly:0 HLODRelevant:0 FolderPath:Lighting FolderGuid:963EC3EB4002CCE9759E2EBA541A873A
 |   |   |- [+] [  9]
 |   |   |   |- Guid:EC4E0C944CE6AC6E784BC6BB2916EA13 BaseClass: NativeClass:/Script/Engine.StaticMeshActor Name:StaticMeshActor_UAID_A4AE111137DC5EFB00_1110535423 Label:SM_SkySphere SpatiallyLoaded:0 Bounds:IsValid=true, Min=(X=-1638400.000 Y=-1638400.000 Z=-1638400.000), Max=(X=1638400.000 Y=1638400.000 Z=1638400.000) RuntimeGrid:None EditorOnly:0 RuntimeOnly:0 HLODRelevant:1 FolderPath:Lighting FolderGuid:963EC3EB4002CCE9759E2EBA541A873A
 |   |   |- [+] [ 10]
 |   |   |   |- Guid:C2CB05F843642469F083AA8CCD5B86EA BaseClass: NativeClass:/Script/Engine.StaticMeshActor Name:StaticMeshActor_UAID_A8A15948D8BCECA201_1976010791 Label:Cube5 SpatiallyLoaded:1 Bounds:IsValid=true, Min=(X=8440.000 Y=8250.000 Z=0.063), Max=(X=9140.000 Y=8950.000 Z=200.063) RuntimeGrid:None EditorOnly:0 RuntimeOnly:0 HLODRelevant:1
 |   |   |- [+] [ 11]
 |   |   |   |- Guid:B785ED2844B84CFB91E7F39FE661CD99 BaseClass: NativeClass:/Script/Engine.DirectionalLight Name:DirectionalLight_0 Label:DirectionalLight SpatiallyLoaded:0 Bounds:IsValid=true, Min=(X=-1048576.000 Y=-1048576.000 Z=-1048576.000), Max=(X=1048576.000 Y=1048576.000 Z=1048576.000) RuntimeGrid:None EditorOnly:0 RuntimeOnly:0 HLODRelevant:0 FolderPath:Lighting FolderGuid:963EC3EB4002CCE9759E2EBA541A873A
 |   |   |- [+] [ 12]
 |   |   |   |- Guid:316CF2A6494ACA4C0E4180A87D36AB8F BaseClass: NativeClass:/Script/Engine.ExponentialHeightFog Name:ExponentialHeightFog_0 Label:ExponentialHeightFog SpatiallyLoaded:0 Bounds:IsValid=true, Min=(X=-5600.000 Y=-50.000 Z=-6850.000), Max=(X=-5600.000 Y=-50.000 Z=-6850.000) RuntimeGrid:None EditorOnly:0 RuntimeOnly:0 HLODRelevant:0 FolderPath:Lighting FolderGuid:963EC3EB4002CCE9759E2EBA541A873A
 |   |   |- [+] [ 13]
 |   |   |   |- Guid:A7F7AA244E4204D3B0DB11A71407748A BaseClass: NativeClass:/Script/Engine.StaticMeshActor Name:StaticMeshActor_UAID_A8A15948D8BCECA201_1331011778 Label:Cube4 SpatiallyLoaded:1 Bounds:IsValid=true, Min=(X=4290.000 Y=4310.000 Z=0.063), Max=(X=5690.000 Y=5710.000 Z=200.063) RuntimeGrid:None EditorOnly:0 RuntimeOnly:0 HLODRelevant:1
 |   |   |- [+] [ 14]
 |   |   |   |- Guid:F1924B8D48954B30891B2DB6A694F9CC BaseClass: NativeClass:/Script/Engine.StaticMeshActor Name:StaticMeshActor_1 Label:SM_Cube SpatiallyLoaded:1 Bounds:IsValid=true, Min=(X=0.000 Y=0.000 Z=-50.000), Max=(X=10000.000 Y=10000.000 Z=0.000) RuntimeGrid:None EditorOnly:0 RuntimeOnly:0 HLODRelevant:1 FolderPath:Playground FolderGuid:C73F09FC4215536B1DCE2A9E0A830C70
 |   |   |- [+] [ 15]
 |   |   |   |- Guid:CB55BD5D4CCA389716099591AA6441DF BaseClass: NativeClass:/Script/Engine.StaticMeshActor Name:StaticMeshActor_UAID_A8A15948D8BCECA201_2036187796 Label:Cube13 SpatiallyLoaded:1 Bounds:IsValid=true, Min=(X=4650.000 Y=1800.000 Z=0.063), Max=(X=5350.000 Y=2500.000 Z=200.063) RuntimeGrid:None EditorOnly:0 RuntimeOnly:0 HLODRelevant:1
 |   |   |- [+] [ 16]
 |   |   |   |- Guid:FD0A22304EC686CEDD7E188365700551 BaseClass: NativeClass:/Script/Engine.StaticMeshActor Name:StaticMeshActor_UAID_A8A15948D8BCECA201_2011313795 Label:Cube12 SpatiallyLoaded:1 Bounds:IsValid=true, Min=(X=5680.000 Y=7140.000 Z=0.063), Max=(X=7680.000 Y=7240.000 Z=200.063) RuntimeGrid:None EditorOnly:0 RuntimeOnly:0 HLODRelevant:1
 |   |   |- [+] [ 17]
 |   |   |   |- Guid:2DA6400B4AD35E16249EC484D69E66E9 BaseClass: NativeClass:/Script/Engine.StaticMeshActor Name:StaticMeshActor_UAID_A8A15948D8BCECA201_1379413780 Label:Cube10 SpatiallyLoaded:1 Bounds:IsValid=true, Min=(X=10.000 Y=9912.500 Z=0.063), Max=(X=10010.000 Y=9987.500 Z=300.063) RuntimeGrid:None EditorOnly:0 RuntimeOnly:0 HLODRelevant:1
 |   |   |- [+] [ 18]
 |   |   |   |- Guid:556502D145C5801D4BAF93B13B08F891 BaseClass: NativeClass:/Script/Engine.StaticMeshActor Name:StaticMeshActor_UAID_A8A15948D8BCECA201_1732186786 Label:Cube15 SpatiallyLoaded:1 Bounds:IsValid=true, Min=(X=22.500 Y=22.500 Z=0.063), Max=(X=9997.500 Y=97.500 Z=300.063) RuntimeGrid:None EditorOnly:0 RuntimeOnly:0 HLODRelevant:1
 |   |   |- [+] [ 19]
 |   |   |   |- Guid:53B16A0C40C3D44D7C2FA18955CE8ED3 BaseClass: NativeClass:/Script/Engine.StaticMeshActor Name:StaticMeshActor_UAID_A8A15948D8BCECA201_1246327776 Label:Cube7 SpatiallyLoaded:1 Bounds:IsValid=true, Min=(X=2230.000 Y=3650.000 Z=0.063), Max=(X=2330.000 Y=6650.000 Z=200.063) RuntimeGrid:None EditorOnly:0 RuntimeOnly:0 HLODRelevant:1
 |   |   |- [+] [ 20]
 |   |   |   |- Guid:2FB58999456391D349DC0F86DAC136ED BaseClass: NativeClass:/Script/Engine.SkyLight Name:SkyLight_1 Label:SkyLight SpatiallyLoaded:0 Bounds:IsValid=true, Min=(X=0.000 Y=0.000 Z=690.000), Max=(X=0.000 Y=0.000 Z=690.000) RuntimeGrid:None EditorOnly:0 RuntimeOnly:0 HLODRelevant:0 FolderPath:Lighting FolderGuid:963EC3EB4002CCE9759E2EBA541A873A
 |   |   |- [+] [ 21]
 |   |   |   |- Guid:16AD0E704FCD4096D16017899809531E BaseClass: NativeClass:/Script/NavigationSystem.RecastNavMesh Name:RecastNavMesh_UAID_A8A15948D8BCEDA201-Default Label:RecastNavMesh-Default SpatiallyLoaded:0 Bounds:IsValid=true, Min=(X=0.000 Y=0.000 Z=0.000), Max=(X=0.000 Y=0.000 Z=0.000) RuntimeGrid:None EditorOnly:0 RuntimeOnly:0 HLODRelevant:0
 |   |   |- [+] [ 22]
 |   |   |   |- Guid:EB27C82B44C8A00D249612A61A528981 BaseClass: NativeClass:/Script/Engine.StaticMeshActor Name:StaticMeshActor_UAID_A8A15948D8BCECA201_1222163775 Label:Cube6 SpatiallyLoaded:1 Bounds:IsValid=true, Min=(X=2250.000 Y=2920.000 Z=0.063), Max=(X=4250.000 Y=3020.000 Z=200.063) RuntimeGrid:None EditorOnly:0 RuntimeOnly:0 HLODRelevant:1
 |   |   |- [+] [ 23]
 |   |   |   |- Guid:F35B3C78440ED0B1D1D8C58F32317797 BaseClass:/Game/AI/BP_Enemy.BP_Enemy_C NativeClass:/Script/Engine.Character Name:BP_Npc_C_UAID_A8A15948D8BCEDA201_1410679974 Label:BP_Enemy SpatiallyLoaded:1 Bounds:IsValid=true, Min=(X=3906.000 Y=1936.000 Z=-0.966), Max=(X=3974.000 Y=2004.000 Z=177.514) RuntimeGrid:None EditorOnly:0 RuntimeOnly:0 HLODRelevant:0
 |   |   |- [+] [ 24]
 |   |   |   |- Guid:41C065CD4C2D314CC434BCA695F16738 BaseClass: NativeClass:/Script/Engine.StaticMeshActor Name:StaticMeshActor_UAID_A8A15948D8BCEBA201_1957206593 Label:Cube SpatiallyLoaded:1 Bounds:IsValid=true, Min=(X=1450.000 Y=710.000 Z=0.063), Max=(X=2150.000 Y=1410.000 Z=200.063) RuntimeGrid:None EditorOnly:0 RuntimeOnly:0 HLODRelevant:1
 |   |   |- [+] [ 25]
 |   |   |   |- Guid:18BD4D6E49415D2E318626813461E980 BaseClass: NativeClass:/Script/Engine.StaticMeshActor Name:StaticMeshActor_UAID_A8A15948D8BCECA201_1781368788 Label:Cube17 SpatiallyLoaded:1 Bounds:IsValid=true, Min=(X=9942.500 Y=25.000 Z=0.063), Max=(X=10017.500 Y=9975.000 Z=300.063) RuntimeGrid:None EditorOnly:0 RuntimeOnly:0 HLODRelevant:1
 |   |   |- [+] [ 26]
 |   |   |   |- Guid:0F75CF2745E7A1EC354517B07EE7CCD1 BaseClass: NativeClass:/Script/Engine.StaticMeshActor Name:StaticMeshActor_UAID_A8A15948D8BCECA201_1736668787 Label:Cube16 SpatiallyLoaded:1 Bounds:IsValid=true, Min=(X=2.500 Y=25.000 Z=0.063), Max=(X=77.500 Y=9975.000 Z=300.063) RuntimeGrid:None EditorOnly:0 RuntimeOnly:0 HLODRelevant:1
 |   |   |- [+] [ 27]
 |   |   |   |- Guid:3A00AA1C422CE54C0BDB60BAF471BFBB BaseClass: NativeClass:/Script/Engine.PlayerStart Name:PlayerStart_0 Label:PlayerStart SpatiallyLoaded:0 Bounds:IsValid=true, Min=(X=860.000 Y=1070.000 Z=0.013), Max=(X=940.000 Y=1150.000 Z=184.013) RuntimeGrid:None EditorOnly:0 RuntimeOnly:0 HLODRelevant:0
 |   |   |- [+] [ 28]
 |   |   |   |- Guid:E78709644A2DF44850D65A9E4DDF490B BaseClass:/Game/AI/BP_Enemy.BP_Enemy_C NativeClass:/Script/Engine.Character Name:BP_Enemy_C_UAID_A8A15948D8BC3AA301_1582228495 Label:BP_Enemy2 SpatiallyLoaded:1 Bounds:IsValid=true, Min=(X=1173.555 Y=1773.555 Z=-0.966), Max=(X=1266.445 Y=1866.445 Z=177.514) RuntimeGrid:None EditorOnly:0 RuntimeOnly:0 HLODRelevant:0
 |   |   |- [+] [ 29]
 |   |   |   |- Guid:CE62958F4ABA49422540B08452D9E666 BaseClass: NativeClass:/Script/Engine.StaticMeshActor Name:StaticMeshActor_UAID_A8A15948D8BCECA201_2011312794 Label:Cube11 SpatiallyLoaded:1 Bounds:IsValid=true, Min=(X=2250.000 Y=7140.000 Z=0.063), Max=(X=4250.000 Y=7240.000 Z=200.063) RuntimeGrid:None EditorOnly:0 RuntimeOnly:0 HLODRelevant:1
 |   |   |- [+] [ 30]
 |   |   |   |- Guid:07720E5D4273D05D5F3B6AB87FBB2FD7 BaseClass: NativeClass:/Script/Engine.StaticMeshActor Name:StaticMeshActor_UAID_A8A15948D8BCECA201_1987484792 Label:Cube8 SpatiallyLoaded:1 Bounds:IsValid=true, Min=(X=5680.000 Y=2920.000 Z=0.063), Max=(X=7680.000 Y=3020.000 Z=200.063) RuntimeGrid:None EditorOnly:0 RuntimeOnly:0 HLODRelevant:1
 |   |   |- [+] [ 31]
 |   |   |   |- Guid:B70AC2D94283BB58DDF81A9C6EEA4996 BaseClass:/Game/AI/BP_TriggerAiOnOff.BP_TriggerAiOnOff_C NativeClass:/Script/Engine.Actor Name:BP_TriggerAiOnOff_C_UAID_A8A15948D8BC4BA301_1225673489 Label:BP_TriggerAiOnOff SpatiallyLoaded:1 Bounds:IsValid=true, Min=(X=5022.000 Y=1122.000 Z=-87.937), Max=(X=5358.000 Y=1458.000 Z=248.063) RuntimeGrid:None EditorOnly:0 RuntimeOnly:0 HLODRelevant:0
 |- ContainerInstances:
 |- [+] MainContainer:
 |   |-        ID: 0x0000000000000000
 |   |-    Bounds: IsValid=false, Min=(X=0.000 Y=0.000 Z=0.000), Max=(X=0.000 Y=0.000 Z=0.000)
 |   |- Transform: 0.000000,0.000000,0.000000|0.000000,0.000000,-0.000000|1.000000,1.000000,1.000000
 |   |- Container: /Game/ThirdPerson/Maps/ThirdPersonMap
----------------------------------------------------------------------------------------------------------------
ThirdPersonMap - Persistent Level
----------------------------------------------------------------------------------------------------------------
Always loaded Actor Count: 41 

----------------------------------------------------------------------------------------------------------------
ThirdPersonMap - Runtime Spatial Hash - Streaming Grid - MainGrid
----------------------------------------------------------------------------------------------------------------
            Origin: X=0.000 Y=0.000 Z=0.000
         Cell Size: 12800
      World Bounds: IsValid=false, Min=(X=0.000 Y=0.000 Z=0.000), Max=(X=0.000 Y=0.000 Z=0.000)
     Loading Range: 25600.00
Block Slow Loading: No
 ClientOnlyVisible: No

[+] Grid Levels: 1
 |- Level  0: Cell Count    0 | Cell Size   12800 | Actor Count    0 (0.0%)

[+] Content of Grid Level 0

